<?xml version="1.0" encoding="UTF-8"?>
<testsuite name="games.game2048.TestGame2048" tests="1" skipped="0" failures="0" errors="0" timestamp="2021-04-24T15:22:07" hostname="C17DC6QZML7H" time="0.012">
  <properties/>
  <testcase name="testMoves" classname="games.game2048.TestGame2048" time="0.012"/>
  <system-out><![CDATA[]]></system-out>
  <system-err><![CDATA[]]></system-err>
</testsuite>
